2025-07-02 21:32:48,873 INFO: Starting docking wrapper
2025-07-02 21:32:48,873 INFO: Protein: protein_prepped.pdbqt
2025-07-02 21:32:48,873 INFO: Ligand: ligand_prepped.pdbqt
2025-07-02 21:32:48,873 INFO: Use GNINA: False
2025-07-02 21:32:48,873 INFO: Use DiffDock: False
2025-07-02 21:32:48,873 INFO: Output dir: .
2025-07-02 21:32:48,873 INFO: Input validation complete. Ready for docking execution.
2025-07-02 21:32:48,873 ERROR: [Vina] Docking failed: All box parameters (center_x, center_y, center_z, size_x, size_y, size_z) are required for Vina.
Traceback (most recent call last):
  File "/Users/ioannisleontaridis/Desktop/convexia-docking-wrapper/run_docking_multi.py", line 53, in run_vina
    raise ValueError('All box parameters (center_x, center_y, center_z, size_x, size_y, size_z) are required for Vina.')
ValueError: All box parameters (center_x, center_y, center_z, size_x, size_y, size_z) are required for Vina.
2025-07-02 21:32:48,874 INFO: Failed runs logged in ./logs/failed_runs.json
2025-07-02 21:33:01,696 INFO: Starting docking wrapper
2025-07-02 21:33:01,697 INFO: Protein: protein_prepped.pdbqt
2025-07-02 21:33:01,697 INFO: Ligand: ligand_prepped.pdbqt
2025-07-02 21:33:01,697 INFO: Use GNINA: True
2025-07-02 21:33:01,697 INFO: Use DiffDock: False
2025-07-02 21:33:01,697 INFO: Output dir: .
2025-07-02 21:33:01,697 INFO: Input validation complete. Ready for docking execution.
2025-07-02 21:33:01,697 ERROR: [Vina] Docking failed: All box parameters (center_x, center_y, center_z, size_x, size_y, size_z) are required for Vina.
Traceback (most recent call last):
  File "/Users/ioannisleontaridis/Desktop/convexia-docking-wrapper/run_docking_multi.py", line 53, in run_vina
    raise ValueError('All box parameters (center_x, center_y, center_z, size_x, size_y, size_z) are required for Vina.')
ValueError: All box parameters (center_x, center_y, center_z, size_x, size_y, size_z) are required for Vina.
2025-07-02 21:33:01,697 INFO: Running GNINA: gnina --receptor protein_prepped.pdbqt --ligand ligand_prepped.pdbqt --out ./gnina_output/gnina_out.pdbqt --log ./gnina_output/gnina.log --score_only --scorefile ./gnina_output/gnina_scores.txt
2025-07-02 21:33:01,701 ERROR: [GNINA] Docking failed: [Errno 2] No such file or directory: 'gnina'
Traceback (most recent call last):
  File "/Users/ioannisleontaridis/Desktop/convexia-docking-wrapper/run_docking_multi.py", line 100, in run_gnina
    subprocess.run(cmd, check=True)
  File "/Library/Frameworks/Python.framework/Versions/3.10/lib/python3.10/subprocess.py", line 501, in run
    with Popen(*popenargs, **kwargs) as process:
  File "/Library/Frameworks/Python.framework/Versions/3.10/lib/python3.10/subprocess.py", line 969, in __init__
    self._execute_child(args, executable, preexec_fn, close_fds,
  File "/Library/Frameworks/Python.framework/Versions/3.10/lib/python3.10/subprocess.py", line 1845, in _execute_child
    raise child_exception_type(errno_num, err_msg, err_filename)
FileNotFoundError: [Errno 2] No such file or directory: 'gnina'
2025-07-02 21:33:01,702 INFO: Failed runs logged in ./logs/failed_runs.json
2025-07-02 21:33:03,948 INFO: Starting docking wrapper
2025-07-02 21:33:03,948 INFO: Protein: protein_prepped.pdbqt
2025-07-02 21:33:03,948 INFO: Ligand: ligand_prepped.pdbqt
2025-07-02 21:33:03,948 INFO: Use GNINA: False
2025-07-02 21:33:03,948 INFO: Use DiffDock: True
2025-07-02 21:33:03,948 INFO: Output dir: .
2025-07-02 21:33:03,948 INFO: Input validation complete. Ready for docking execution.
2025-07-02 21:33:03,948 ERROR: [Vina] Docking failed: All box parameters (center_x, center_y, center_z, size_x, size_y, size_z) are required for Vina.
Traceback (most recent call last):
  File "/Users/ioannisleontaridis/Desktop/convexia-docking-wrapper/run_docking_multi.py", line 53, in run_vina
    raise ValueError('All box parameters (center_x, center_y, center_z, size_x, size_y, size_z) are required for Vina.')
ValueError: All box parameters (center_x, center_y, center_z, size_x, size_y, size_z) are required for Vina.
2025-07-02 21:33:03,949 ERROR: [DiffDock] Docking failed: DiffDock script not found.
Traceback (most recent call last):
  File "/Users/ioannisleontaridis/Desktop/convexia-docking-wrapper/run_docking_multi.py", line 120, in run_diffdock
    raise FileNotFoundError('DiffDock script not found.')
FileNotFoundError: DiffDock script not found.
2025-07-02 21:33:03,949 INFO: Failed runs logged in ./logs/failed_runs.json
2025-07-02 21:33:07,074 INFO: Starting docking wrapper
2025-07-02 21:33:07,074 INFO: Protein: protein_prepped.pdbqt
2025-07-02 21:33:07,074 INFO: Ligand: ligand_prepped.pdbqt
2025-07-02 21:33:07,074 INFO: Use GNINA: False
2025-07-02 21:33:07,074 INFO: Use DiffDock: True
2025-07-02 21:33:07,074 INFO: Output dir: .
2025-07-02 21:33:07,074 INFO: Input validation complete. Ready for docking execution.
2025-07-02 21:33:07,074 ERROR: [Vina] Docking failed: All box parameters (center_x, center_y, center_z, size_x, size_y, size_z) are required for Vina.
Traceback (most recent call last):
  File "/Users/ioannisleontaridis/Desktop/convexia-docking-wrapper/run_docking_multi.py", line 53, in run_vina
    raise ValueError('All box parameters (center_x, center_y, center_z, size_x, size_y, size_z) are required for Vina.')
ValueError: All box parameters (center_x, center_y, center_z, size_x, size_y, size_z) are required for Vina.
2025-07-02 21:33:07,074 ERROR: [DiffDock] Docking failed: DiffDock script not found.
Traceback (most recent call last):
  File "/Users/ioannisleontaridis/Desktop/convexia-docking-wrapper/run_docking_multi.py", line 120, in run_diffdock
    raise FileNotFoundError('DiffDock script not found.')
FileNotFoundError: DiffDock script not found.
2025-07-02 21:33:07,075 INFO: Failed runs logged in ./logs/failed_runs.json
2025-07-02 21:35:12,824 INFO: Starting docking wrapper
2025-07-02 21:35:12,824 WARNING: Vina skipped: All box parameters (--center_x, --center_y, --center_z, --size_x, --size_y, --size_z) must be provided.
2025-07-02 21:35:12,824 WARNING: DiffDock skipped: Script not found at DiffDock/scripts/run_diffdock.py. Please ensure DiffDock is installed.
2025-07-02 21:35:12,824 INFO: All selected backends completed successfully.
2025-07-02 21:35:15,106 INFO: Starting docking wrapper
2025-07-02 21:35:15,106 WARNING: Vina skipped: All box parameters (--center_x, --center_y, --center_z, --size_x, --size_y, --size_z) must be provided.
2025-07-02 21:35:15,106 WARNING: DiffDock skipped: Script not found at DiffDock/scripts/run_diffdock.py. Please ensure DiffDock is installed.
2025-07-02 21:35:15,106 INFO: All selected backends completed successfully.
2025-07-02 21:35:15,869 INFO: Starting docking wrapper
2025-07-02 21:35:15,869 WARNING: Vina skipped: All box parameters (--center_x, --center_y, --center_z, --size_x, --size_y, --size_z) must be provided.
2025-07-02 21:35:15,870 WARNING: DiffDock skipped: Script not found at DiffDock/scripts/run_diffdock.py. Please ensure DiffDock is installed.
2025-07-02 21:35:15,870 INFO: All selected backends completed successfully.
2025-07-02 21:35:16,388 INFO: Starting docking wrapper
2025-07-02 21:35:16,388 WARNING: Vina skipped: All box parameters (--center_x, --center_y, --center_z, --size_x, --size_y, --size_z) must be provided.
2025-07-02 21:35:16,388 WARNING: DiffDock skipped: Script not found at DiffDock/scripts/run_diffdock.py. Please ensure DiffDock is installed.
2025-07-02 21:35:16,388 INFO: All selected backends completed successfully.
2025-07-02 21:35:17,899 INFO: Starting docking wrapper
2025-07-02 21:35:17,899 INFO: Starting docking wrapper
2025-07-02 21:35:17,899 WARNING: Vina skipped: All box parameters (--center_x, --center_y, --center_z, --size_x, --size_y, --size_z) must be provided.
2025-07-02 21:35:17,899 WARNING: Vina skipped: All box parameters (--center_x, --center_y, --center_z, --size_x, --size_y, --size_z) must be provided.
2025-07-02 21:35:17,899 WARNING: DiffDock skipped: Script not found at DiffDock/scripts/run_diffdock.py. Please ensure DiffDock is installed.
2025-07-02 21:35:17,899 INFO: Starting docking wrapper
2025-07-02 21:35:17,899 INFO: All selected backends completed successfully.
2025-07-02 21:35:17,899 WARNING: Vina skipped: All box parameters (--center_x, --center_y, --center_z, --size_x, --size_y, --size_z) must be provided.
2025-07-02 21:35:17,899 WARNING: DiffDock skipped: Script not found at DiffDock/scripts/run_diffdock.py. Please ensure DiffDock is installed.
2025-07-02 21:35:17,899 WARNING: DiffDock skipped: Script not found at DiffDock/scripts/run_diffdock.py. Please ensure DiffDock is installed.
2025-07-02 21:35:17,899 INFO: All selected backends completed successfully.
2025-07-02 21:35:17,899 INFO: All selected backends completed successfully.
2025-07-02 21:48:50,697 INFO: Starting docking wrapper
2025-07-02 21:48:50,697 INFO: Box parameters not provided. Attempting to extract from protein file...
2025-07-02 21:48:50,698 INFO: Extracted box center: (64.42, 33.81, -3.19), size: (8.00, 8.00, 8.00)
2025-07-02 21:48:50,698 INFO: Running Vina: vina --receptor protein_prepped.pdbqt --ligand ligand_prepped.pdbqt --center_x 64.42 --center_y 33.807 --center_z -3.192 --size_x 8.0 --size_y 8.0 --size_z 8.0 --out ./vina_output/vina_out.pdbqt --log ./vina_output/vina.log
2025-07-02 21:48:50,709 ERROR: [Vina] Docking failed: Command '['vina', '--receptor', 'protein_prepped.pdbqt', '--ligand', 'ligand_prepped.pdbqt', '--center_x', '64.42', '--center_y', '33.807', '--center_z', '-3.192', '--size_x', '8.0', '--size_y', '8.0', '--size_z', '8.0', '--out', './vina_output/vina_out.pdbqt', '--log', './vina_output/vina.log']' returned non-zero exit status 1.
Traceback (most recent call last):
  File "/Users/ioannisleontaridis/Desktop/convexia-docking-wrapper/run_docking_multi.py", line 116, in run_vina
    subprocess.run(cmd, check=True)
  File "/Library/Frameworks/Python.framework/Versions/3.10/lib/python3.10/subprocess.py", line 524, in run
    raise CalledProcessError(retcode, process.args,
subprocess.CalledProcessError: Command '['vina', '--receptor', 'protein_prepped.pdbqt', '--ligand', 'ligand_prepped.pdbqt', '--center_x', '64.42', '--center_y', '33.807', '--center_z', '-3.192', '--size_x', '8.0', '--size_y', '8.0', '--size_z', '8.0', '--out', './vina_output/vina_out.pdbqt', '--log', './vina_output/vina.log']' returned non-zero exit status 1.
2025-07-02 21:48:50,710 INFO: Running GNINA: gnina --receptor protein_prepped.pdbqt --ligand ligand_prepped.pdbqt --out ./gnina_output/gnina_out.pdbqt --log ./gnina_output/gnina.log --score_only --scorefile ./gnina_output/gnina_scores.txt
2025-07-02 21:48:50,712 ERROR: [GNINA] Docking failed: [Errno 2] No such file or directory: 'gnina'
Traceback (most recent call last):
  File "/Users/ioannisleontaridis/Desktop/convexia-docking-wrapper/run_docking_multi.py", line 148, in run_gnina
    subprocess.run(cmd, check=True)
  File "/Library/Frameworks/Python.framework/Versions/3.10/lib/python3.10/subprocess.py", line 501, in run
    with Popen(*popenargs, **kwargs) as process:
  File "/Library/Frameworks/Python.framework/Versions/3.10/lib/python3.10/subprocess.py", line 969, in __init__
    self._execute_child(args, executable, preexec_fn, close_fds,
  File "/Library/Frameworks/Python.framework/Versions/3.10/lib/python3.10/subprocess.py", line 1845, in _execute_child
    raise child_exception_type(errno_num, err_msg, err_filename)
FileNotFoundError: [Errno 2] No such file or directory: 'gnina'
2025-07-02 21:48:50,713 WARNING: DiffDock skipped: Script not found at DiffDock/scripts/run_diffdock.py. Please ensure DiffDock is installed.
2025-07-02 21:48:50,713 INFO: Failed runs logged in ./logs/failed_runs.json
2025-07-02 21:50:41,067 INFO: Starting docking wrapper
2025-07-02 21:50:41,067 INFO: Box parameters not provided. Attempting to extract from protein file...
2025-07-02 21:50:41,069 INFO: Extracted box center: (64.42, 33.81, -3.19), size: (8.00, 8.00, 8.00)
2025-07-02 21:50:41,069 INFO: Running Vina: vina --receptor protein_prepped.pdbqt --ligand ligand_prepped.pdbqt --center_x 64.42 --center_y 33.807 --center_z -3.192 --size_x 8.0 --size_y 8.0 --size_z 8.0 --out ./vina_output/vina_out.pdbqt
2025-07-02 21:50:41,076 ERROR: [Vina] Docking failed: Command '['vina', '--receptor', 'protein_prepped.pdbqt', '--ligand', 'ligand_prepped.pdbqt', '--center_x', '64.42', '--center_y', '33.807', '--center_z', '-3.192', '--size_x', '8.0', '--size_y', '8.0', '--size_z', '8.0', '--out', './vina_output/vina_out.pdbqt']' returned non-zero exit status 1.
Traceback (most recent call last):
  File "/Users/ioannisleontaridis/Desktop/convexia-docking-wrapper/run_docking_multi.py", line 114, in run_vina
    subprocess.run(cmd, check=True)
  File "/Library/Frameworks/Python.framework/Versions/3.10/lib/python3.10/subprocess.py", line 524, in run
    raise CalledProcessError(retcode, process.args,
subprocess.CalledProcessError: Command '['vina', '--receptor', 'protein_prepped.pdbqt', '--ligand', 'ligand_prepped.pdbqt', '--center_x', '64.42', '--center_y', '33.807', '--center_z', '-3.192', '--size_x', '8.0', '--size_y', '8.0', '--size_z', '8.0', '--out', './vina_output/vina_out.pdbqt']' returned non-zero exit status 1.
2025-07-02 21:50:41,077 INFO: Running GNINA: gnina --receptor protein_prepped.pdbqt --ligand ligand_prepped.pdbqt --out ./gnina_output/gnina_out.pdbqt --log ./gnina_output/gnina.log --score_only --scorefile ./gnina_output/gnina_scores.txt
2025-07-02 21:50:41,079 ERROR: [GNINA] Docking failed: [Errno 2] No such file or directory: 'gnina'
Traceback (most recent call last):
  File "/Users/ioannisleontaridis/Desktop/convexia-docking-wrapper/run_docking_multi.py", line 146, in run_gnina
    subprocess.run(cmd, check=True)
  File "/Library/Frameworks/Python.framework/Versions/3.10/lib/python3.10/subprocess.py", line 501, in run
    with Popen(*popenargs, **kwargs) as process:
  File "/Library/Frameworks/Python.framework/Versions/3.10/lib/python3.10/subprocess.py", line 969, in __init__
    self._execute_child(args, executable, preexec_fn, close_fds,
  File "/Library/Frameworks/Python.framework/Versions/3.10/lib/python3.10/subprocess.py", line 1845, in _execute_child
    raise child_exception_type(errno_num, err_msg, err_filename)
FileNotFoundError: [Errno 2] No such file or directory: 'gnina'
2025-07-02 21:50:41,079 WARNING: DiffDock skipped: Script not found at DiffDock/scripts/run_diffdock.py. Please ensure DiffDock is installed.
2025-07-02 21:50:41,080 INFO: Failed runs logged in ./logs/failed_runs.json
2025-07-02 21:52:49,651 INFO: Starting docking wrapper
2025-07-02 21:52:49,651 INFO: Box parameters not provided. Attempting to extract from protein file...
2025-07-02 21:52:49,653 INFO: Extracted box center: (64.42, 33.81, -3.19), size: (8.00, 8.00, 8.00)
2025-07-02 21:52:49,654 INFO: Running Vina: vina --receptor protein_prepped.pdbqt --ligand ligand_prepped.pdbqt --center_x 64.42 --center_y 33.807 --center_z -3.192 --size_x 8.0 --size_y 8.0 --size_z 8.0 --out ./vina_output/vina_out.pdbqt
2025-07-02 21:52:49,661 ERROR: [Vina] Docking failed: Command '['vina', '--receptor', 'protein_prepped.pdbqt', '--ligand', 'ligand_prepped.pdbqt', '--center_x', '64.42', '--center_y', '33.807', '--center_z', '-3.192', '--size_x', '8.0', '--size_y', '8.0', '--size_z', '8.0', '--out', './vina_output/vina_out.pdbqt']' returned non-zero exit status 1.
Traceback (most recent call last):
  File "/Users/ioannisleontaridis/Desktop/convexia-docking-wrapper/run_docking_multi.py", line 114, in run_vina
    subprocess.run(cmd, check=True)
  File "/Library/Frameworks/Python.framework/Versions/3.10/lib/python3.10/subprocess.py", line 524, in run
    raise CalledProcessError(retcode, process.args,
subprocess.CalledProcessError: Command '['vina', '--receptor', 'protein_prepped.pdbqt', '--ligand', 'ligand_prepped.pdbqt', '--center_x', '64.42', '--center_y', '33.807', '--center_z', '-3.192', '--size_x', '8.0', '--size_y', '8.0', '--size_z', '8.0', '--out', './vina_output/vina_out.pdbqt']' returned non-zero exit status 1.
2025-07-02 21:52:49,663 INFO: Running GNINA: gnina --receptor protein_prepped.pdbqt --ligand ligand_prepped.pdbqt --out ./gnina_output/gnina_out.pdbqt --log ./gnina_output/gnina.log --score_only --scorefile ./gnina_output/gnina_scores.txt
2025-07-02 21:52:49,665 ERROR: [GNINA] Docking failed: [Errno 2] No such file or directory: 'gnina'
Traceback (most recent call last):
  File "/Users/ioannisleontaridis/Desktop/convexia-docking-wrapper/run_docking_multi.py", line 146, in run_gnina
    subprocess.run(cmd, check=True)
  File "/Library/Frameworks/Python.framework/Versions/3.10/lib/python3.10/subprocess.py", line 501, in run
    with Popen(*popenargs, **kwargs) as process:
  File "/Library/Frameworks/Python.framework/Versions/3.10/lib/python3.10/subprocess.py", line 969, in __init__
    self._execute_child(args, executable, preexec_fn, close_fds,
  File "/Library/Frameworks/Python.framework/Versions/3.10/lib/python3.10/subprocess.py", line 1845, in _execute_child
    raise child_exception_type(errno_num, err_msg, err_filename)
FileNotFoundError: [Errno 2] No such file or directory: 'gnina'
2025-07-02 21:52:49,665 WARNING: DiffDock skipped: Script not found at DiffDock/scripts/run_diffdock.py. Please ensure DiffDock is installed.
2025-07-02 21:52:49,665 INFO: Failed runs logged in ./logs/failed_runs.json
2025-07-02 22:18:19,602 INFO: Starting docking wrapper
2025-07-02 22:18:19,603 INFO: Box parameters not provided. Attempting to extract from protein file...
2025-07-02 22:18:19,604 INFO: Extracted box center: (64.42, 33.81, -3.19), size: (8.00, 8.00, 8.00)
2025-07-02 22:18:19,604 INFO: Running Vina: vina --receptor protein_prepped.pdbqt --ligand ligand_prepped.pdbqt --center_x 64.42 --center_y 33.807 --center_z -3.192 --size_x 8.0 --size_y 8.0 --size_z 8.0 --out ./vina_output/vina_out.pdbqt
2025-07-02 22:18:19,611 ERROR: [Vina] Docking failed: Command '['vina', '--receptor', 'protein_prepped.pdbqt', '--ligand', 'ligand_prepped.pdbqt', '--center_x', '64.42', '--center_y', '33.807', '--center_z', '-3.192', '--size_x', '8.0', '--size_y', '8.0', '--size_z', '8.0', '--out', './vina_output/vina_out.pdbqt']' returned non-zero exit status 1.
Traceback (most recent call last):
  File "/Users/ioannisleontaridis/Desktop/convexia-docking-wrapper/run_docking_multi.py", line 114, in run_vina
    subprocess.run(cmd, check=True)
  File "/Library/Frameworks/Python.framework/Versions/3.10/lib/python3.10/subprocess.py", line 524, in run
    raise CalledProcessError(retcode, process.args,
subprocess.CalledProcessError: Command '['vina', '--receptor', 'protein_prepped.pdbqt', '--ligand', 'ligand_prepped.pdbqt', '--center_x', '64.42', '--center_y', '33.807', '--center_z', '-3.192', '--size_x', '8.0', '--size_y', '8.0', '--size_z', '8.0', '--out', './vina_output/vina_out.pdbqt']' returned non-zero exit status 1.
2025-07-02 22:18:19,612 INFO: Running GNINA: gnina --receptor protein_prepped.pdbqt --ligand ligand_prepped.pdbqt --out ./gnina_output/gnina_out.pdbqt --log ./gnina_output/gnina.log --score_only --scorefile ./gnina_output/gnina_scores.txt
2025-07-02 22:18:19,614 ERROR: [GNINA] Docking failed: [Errno 2] No such file or directory: 'gnina'
Traceback (most recent call last):
  File "/Users/ioannisleontaridis/Desktop/convexia-docking-wrapper/run_docking_multi.py", line 146, in run_gnina
    subprocess.run(cmd, check=True)
  File "/Library/Frameworks/Python.framework/Versions/3.10/lib/python3.10/subprocess.py", line 501, in run
    with Popen(*popenargs, **kwargs) as process:
  File "/Library/Frameworks/Python.framework/Versions/3.10/lib/python3.10/subprocess.py", line 969, in __init__
    self._execute_child(args, executable, preexec_fn, close_fds,
  File "/Library/Frameworks/Python.framework/Versions/3.10/lib/python3.10/subprocess.py", line 1845, in _execute_child
    raise child_exception_type(errno_num, err_msg, err_filename)
FileNotFoundError: [Errno 2] No such file or directory: 'gnina'
2025-07-02 22:18:19,614 WARNING: DiffDock skipped: Script not found at DiffDock/scripts/run_diffdock.py. Please ensure DiffDock is installed.
2025-07-02 22:18:19,615 INFO: Failed runs logged in ./logs/failed_runs.json
2025-07-02 22:43:04,963 INFO: Starting docking wrapper
2025-07-02 22:43:04,963 INFO: Box parameters not provided. Attempting to extract from protein file...
2025-07-02 22:43:04,965 INFO: Extracted box center: (64.42, 33.81, -3.19), size: (8.00, 8.00, 8.00)
2025-07-02 22:43:04,965 INFO: Running Vina: vina --receptor protein_prepped.pdbqt --ligand ligand_prepped.pdbqt --center_x 64.42 --center_y 33.807 --center_z -3.192 --size_x 8.0 --size_y 8.0 --size_z 8.0 --out ./vina_output/vina_out.pdbqt
2025-07-02 22:43:04,974 ERROR: [Vina] Docking failed: Command '['vina', '--receptor', 'protein_prepped.pdbqt', '--ligand', 'ligand_prepped.pdbqt', '--center_x', '64.42', '--center_y', '33.807', '--center_z', '-3.192', '--size_x', '8.0', '--size_y', '8.0', '--size_z', '8.0', '--out', './vina_output/vina_out.pdbqt']' returned non-zero exit status 1.
Traceback (most recent call last):
  File "/Users/ioannisleontaridis/Desktop/convexia-docking-wrapper/run_docking_multi.py", line 114, in run_vina
    subprocess.run(cmd, check=True)
  File "/Library/Frameworks/Python.framework/Versions/3.10/lib/python3.10/subprocess.py", line 524, in run
    raise CalledProcessError(retcode, process.args,
subprocess.CalledProcessError: Command '['vina', '--receptor', 'protein_prepped.pdbqt', '--ligand', 'ligand_prepped.pdbqt', '--center_x', '64.42', '--center_y', '33.807', '--center_z', '-3.192', '--size_x', '8.0', '--size_y', '8.0', '--size_z', '8.0', '--out', './vina_output/vina_out.pdbqt']' returned non-zero exit status 1.
2025-07-02 22:43:04,975 INFO: Running GNINA: gnina --receptor protein_prepped.pdbqt --ligand ligand_prepped.pdbqt --out ./gnina_output/gnina_out.pdbqt --log ./gnina_output/gnina.log --score_only --scorefile ./gnina_output/gnina_scores.txt
2025-07-02 22:43:04,982 ERROR: [GNINA] Docking failed: [Errno 2] No such file or directory: 'gnina'
Traceback (most recent call last):
  File "/Users/ioannisleontaridis/Desktop/convexia-docking-wrapper/run_docking_multi.py", line 146, in run_gnina
    subprocess.run(cmd, check=True)
  File "/Library/Frameworks/Python.framework/Versions/3.10/lib/python3.10/subprocess.py", line 501, in run
    with Popen(*popenargs, **kwargs) as process:
  File "/Library/Frameworks/Python.framework/Versions/3.10/lib/python3.10/subprocess.py", line 969, in __init__
    self._execute_child(args, executable, preexec_fn, close_fds,
  File "/Library/Frameworks/Python.framework/Versions/3.10/lib/python3.10/subprocess.py", line 1845, in _execute_child
    raise child_exception_type(errno_num, err_msg, err_filename)
FileNotFoundError: [Errno 2] No such file or directory: 'gnina'
2025-07-02 22:43:04,982 WARNING: DiffDock skipped: Script not found at DiffDock/scripts/run_diffdock.py. Please ensure DiffDock is installed.
2025-07-02 22:43:04,983 INFO: Failed runs logged in ./logs/failed_runs.json
2025-07-02 22:46:15,717 INFO: Starting docking wrapper
2025-07-02 22:46:15,718 INFO: Box parameters not provided. Attempting to extract from protein file...
2025-07-02 22:46:15,718 ERROR: Failed to extract box parameters: No suitable ligand found in protein file. Please provide box parameters manually.
2025-07-02 22:46:22,466 INFO: Starting docking wrapper
2025-07-02 22:46:22,466 INFO: Running Vina: vina --receptor protein_prepped.pdbqt --ligand ligand_prepped.pdbqt --center_x 20.0 --center_y 20.0 --center_z 20.0 --size_x 20.0 --size_y 20.0 --size_z 20.0 --out ./vina_output/vina_out.pdbqt
2025-07-02 22:46:24,256 INFO: Vina docking completed successfully.
2025-07-02 22:46:24,257 INFO: All selected backends completed successfully.
2025-07-02 23:37:20,404 INFO: Starting docking wrapper
2025-07-02 23:37:20,405 INFO: Running Vina: vina --receptor protein_prepped.pdbqt --ligand ligand_prepped.pdbqt --center_x 20.0 --center_y 20.0 --center_z 20.0 --size_x 20.0 --size_y 20.0 --size_z 20.0 --out ./vina_output/vina_out.pdbqt
2025-07-02 23:37:22,032 INFO: Vina docking completed successfully.
2025-07-02 23:37:22,039 INFO: Running DiffDock: python3 DiffDock/inference.py --protein_ligand_csv /var/folders/23/5669rgw56fjdmfffc8rzw9_00000gn/T/tmp_lv9dvr1.csv --out_dir ./diffdock_output --inference_steps 20 --samples_per_complex 10 --batch_size 10
2025-07-02 23:37:25,415 ERROR: [DiffDock] Docking failed: Command '['python3', 'DiffDock/inference.py', '--protein_ligand_csv', '/var/folders/23/5669rgw56fjdmfffc8rzw9_00000gn/T/tmp_lv9dvr1.csv', '--out_dir', './diffdock_output', '--inference_steps', '20', '--samples_per_complex', '10', '--batch_size', '10']' returned non-zero exit status 1.
Traceback (most recent call last):
  File "/Users/ioannisleontaridis/Desktop/convexia-docking-wrapper/run_docking_multi.py", line 208, in run_diffdock
    result = subprocess.run(cmd, check=True, capture_output=True, text=True)
  File "/Library/Frameworks/Python.framework/Versions/3.10/lib/python3.10/subprocess.py", line 524, in run
    raise CalledProcessError(retcode, process.args,
subprocess.CalledProcessError: Command '['python3', 'DiffDock/inference.py', '--protein_ligand_csv', '/var/folders/23/5669rgw56fjdmfffc8rzw9_00000gn/T/tmp_lv9dvr1.csv', '--out_dir', './diffdock_output', '--inference_steps', '20', '--samples_per_complex', '10', '--batch_size', '10']' returned non-zero exit status 1.
2025-07-02 23:37:25,417 INFO: Failed runs logged in ./logs/failed_runs.json
2025-07-02 23:37:58,764 INFO: Starting docking wrapper
2025-07-02 23:37:58,764 INFO: Box parameters not provided. Attempting to extract from protein file...
2025-07-02 23:37:58,766 ERROR: Failed to extract box parameters: No suitable ligand found in protein file. Please provide box parameters manually.
2025-07-02 23:38:04,235 INFO: Starting docking wrapper
2025-07-02 23:38:04,235 INFO: Running Vina: vina --receptor protein_prepped.pdbqt --ligand ligand_prepped.pdbqt --center_x 20.0 --center_y 20.0 --center_z 20.0 --size_x 20.0 --size_y 20.0 --size_z 20.0 --out ./vina_output/vina_out.pdbqt
2025-07-02 23:38:05,800 INFO: Vina docking completed successfully.
2025-07-02 23:38:05,800 INFO: All selected backends completed successfully.
2025-07-02 23:41:19,447 INFO: Starting docking wrapper
2025-07-02 23:41:19,447 INFO: Box parameters not provided. Attempting to extract from protein file...
2025-07-02 23:41:19,449 ERROR: Failed to extract box parameters: No suitable ligand found in protein file. Please provide box parameters manually.
2025-07-02 23:42:18,391 INFO: Starting docking wrapper
2025-07-02 23:42:18,391 INFO: Box parameters not provided. Attempting to extract from protein file...
2025-07-02 23:42:18,393 INFO: Extracted box center: (12.68, 23.39, 5.74), size: (22.15, 17.85, 14.97)
2025-07-02 23:42:18,393 INFO: Running Vina: vina --receptor protein_prepped.pdbqt --ligand ligand_prepped.pdbqt --center_x 12.677142857142858 --center_y 23.392642857142864 --center_z 5.736428571428574 --size_x 22.15 --size_y 17.851000000000003 --size_z 14.968 --out ./vina_output/vina_out.pdbqt
2025-07-02 23:42:20,416 INFO: Vina docking completed successfully.
2025-07-02 23:42:20,416 INFO: All selected backends completed successfully.
2025-07-02 23:42:29,196 INFO: Starting docking wrapper
2025-07-02 23:42:29,196 INFO: Box parameters not provided. Attempting to extract from protein file...
2025-07-02 23:42:29,198 INFO: Extracted box center: (12.68, 23.39, 5.74), size: (22.15, 17.85, 14.97)
2025-07-02 23:42:29,198 INFO: Running Vina: vina --receptor protein_prepped.pdbqt --ligand ligand_prepped.pdbqt --center_x 12.677142857142858 --center_y 23.392642857142864 --center_z 5.736428571428574 --size_x 22.15 --size_y 17.851000000000003 --size_z 14.968 --out ./vina_output/vina_out.pdbqt
2025-07-02 23:42:35,145 INFO: Vina docking completed successfully.
2025-07-02 23:42:35,160 INFO: Running DiffDock: python3 DiffDock/inference.py --protein_ligand_csv /var/folders/23/5669rgw56fjdmfffc8rzw9_00000gn/T/tmprnifkq1o.csv --out_dir ./diffdock_output --inference_steps 20 --samples_per_complex 10 --batch_size 10
2025-07-02 23:42:38,798 ERROR: [DiffDock] Docking failed: Command '['python3', 'DiffDock/inference.py', '--protein_ligand_csv', '/var/folders/23/5669rgw56fjdmfffc8rzw9_00000gn/T/tmprnifkq1o.csv', '--out_dir', './diffdock_output', '--inference_steps', '20', '--samples_per_complex', '10', '--batch_size', '10']' returned non-zero exit status 1.
Traceback (most recent call last):
  File "/Users/ioannisleontaridis/Desktop/convexia-docking-wrapper/run_docking_multi.py", line 208, in run_diffdock
    result = subprocess.run(cmd, check=True, capture_output=True, text=True)
  File "/Library/Frameworks/Python.framework/Versions/3.10/lib/python3.10/subprocess.py", line 524, in run
    raise CalledProcessError(retcode, process.args,
subprocess.CalledProcessError: Command '['python3', 'DiffDock/inference.py', '--protein_ligand_csv', '/var/folders/23/5669rgw56fjdmfffc8rzw9_00000gn/T/tmprnifkq1o.csv', '--out_dir', './diffdock_output', '--inference_steps', '20', '--samples_per_complex', '10', '--batch_size', '10']' returned non-zero exit status 1.
2025-07-02 23:42:38,800 INFO: Failed runs logged in ./logs/failed_runs.json
2025-07-02 23:42:52,953 INFO: Starting docking wrapper
2025-07-02 23:42:52,953 INFO: Box parameters not provided. Attempting to extract from protein file...
2025-07-02 23:42:52,954 ERROR: Failed to extract box parameters: No suitable ligand found in protein file. Please provide box parameters manually.
2025-07-02 23:43:57,234 INFO: Starting docking wrapper
2025-07-02 23:43:57,234 INFO: Box parameters not provided. Attempting to extract from protein file...
2025-07-02 23:43:57,235 ERROR: Failed to extract box parameters: No suitable ligand found in protein file. Please provide box parameters manually.
2025-07-02 23:44:02,023 INFO: Starting docking wrapper
2025-07-02 23:44:02,023 INFO: Box parameters not provided. Attempting to extract from protein file...
2025-07-02 23:44:02,023 ERROR: Failed to extract box parameters: No suitable ligand found in protein file. Please provide box parameters manually.
2025-07-02 23:45:39,138 INFO: Starting docking wrapper
2025-07-02 23:45:39,138 INFO: Box parameters not provided. Attempting to extract from protein file...
2025-07-02 23:45:41,665 INFO: Strategy 2: Using largest detected cavity (volume: 145600.0 Ε²)
2025-07-02 23:45:41,665 INFO: Extracted box center: (30.82, 29.37, 16.50), size: (50.00, 52.00, 56.00)
2025-07-02 23:45:41,665 INFO: Running Vina: vina --receptor protein_prepped.pdbqt --ligand ligand_prepped.pdbqt --center_x 30.823885039775334 --center_y 29.373720810879 --center_z 16.502616884781943 --size_x 50.0 --size_y 52.0 --size_z 56.0 --out ./vina_output/vina_out.pdbqt
2025-07-02 23:45:43,949 INFO: Vina docking completed successfully.
2025-07-02 23:45:43,950 INFO: All selected backends completed successfully.
2025-07-02 23:45:56,754 INFO: Starting docking wrapper
2025-07-02 23:45:56,755 INFO: Box parameters not provided. Attempting to extract from protein file...
2025-07-02 23:45:56,757 INFO: Strategy 1: Using bound ligand (28 atoms)
2025-07-02 23:45:56,757 INFO: Extracted box center: (12.68, 23.39, 5.74), size: (22.15, 17.85, 14.97)
2025-07-02 23:45:56,757 INFO: Running Vina: vina --receptor protein_prepped.pdbqt --ligand ligand_prepped.pdbqt --center_x 12.677142857142858 --center_y 23.392642857142864 --center_z 5.736428571428574 --size_x 22.15 --size_y 17.851000000000003 --size_z 14.968 --out ./vina_output/vina_out.pdbqt
2025-07-02 23:45:58,815 INFO: Vina docking completed successfully.
2025-07-02 23:45:58,815 INFO: All selected backends completed successfully.
2025-07-02 23:46:46,660 INFO: Starting docking wrapper
2025-07-02 23:46:46,660 INFO: Box parameters not provided. Attempting to extract from protein file...
2025-07-02 23:46:47,756 INFO: Strategy 2: Using largest detected cavity (volume: 145600.0 Ε²)
2025-07-02 23:46:47,756 INFO: Extracted box center: (30.82, 29.37, 16.50), size: (50.00, 52.00, 56.00)
2025-07-02 23:46:47,756 INFO: Running Vina: vina --receptor protein_prepped.pdbqt --ligand ligand_prepped.pdbqt --center_x 30.823885039775334 --center_y 29.373720810879 --center_z 16.502616884781943 --size_x 50.0 --size_y 52.0 --size_z 56.0 --out ./vina_output/vina_out.pdbqt
2025-07-02 23:46:51,397 INFO: Vina docking completed successfully.
2025-07-02 23:46:51,400 INFO: All selected backends completed successfully.
2025-07-03 11:46:09,839 INFO: Starting docking wrapper
2025-07-03 11:46:09,839 INFO: Box parameters not provided. Attempting to extract from protein file...
2025-07-03 11:46:09,843 INFO: Strategy 1: Using bound ligand (28 atoms)
2025-07-03 11:46:09,843 INFO: Extracted box center: (12.68, 23.39, 5.74), size: (22.15, 17.85, 14.97)
2025-07-03 11:46:09,843 INFO: Running Vina: vina --receptor protein_prepped.pdbqt --ligand ligand_prepped.pdbqt --center_x 12.677142857142858 --center_y 23.392642857142864 --center_z 5.736428571428574 --size_x 22.15 --size_y 17.851000000000003 --size_z 14.968 --out ./vina_output/vina_out.pdbqt
2025-07-03 11:46:11,771 INFO: Vina docking completed successfully.
2025-07-03 11:46:11,772 WARNING: GNINA binary not found in any standard location
2025-07-03 11:46:11,772 INFO: Found DiffDock script at: DiffDock/inference.py
2025-07-03 11:46:11,773 INFO: Running DiffDock: python3 DiffDock/inference.py --protein_ligand_csv /var/folders/23/5669rgw56fjdmfffc8rzw9_00000gn/T/tmpg76h2eod.csv --out_dir ./diffdock_output --inference_steps 20 --samples_per_complex 10 --batch_size 10
2025-07-03 11:46:14,897 ERROR: [DiffDock] Docking failed: DiffDock failed with exit code 1: Traceback (most recent call last):
  File "/Users/ioannisleontaridis/Desktop/convexia-docking-wrapper/DiffDock/inference.py", line 21, in <module>
    from torch_geometric.loader import DataLoader
ModuleNotFoundError: No module named 'torch_geometric'

2025-07-03 11:46:14,898 INFO: Failed runs logged in ./logs/failed_runs.json
2025-07-05 02:05:34,019 INFO: Starting docking wrapper
2025-07-05 02:05:34,020 INFO: Box parameters not provided. Attempting to extract from protein file...
2025-07-05 02:05:37,206 INFO: Strategy 2: Using largest detected cavity (volume: 272160.0 \u0172)
2025-07-05 02:05:37,207 INFO: Extracted box center: (15.45, 26.05, 4.08), size: (54.00, 70.00, 72.00)
2025-07-05 02:05:37,207 INFO: Running Vina: vina --receptor protein_prepped.pdbqt --ligand ligand_prepped.pdbqt --center_x 15.450639953878074 --center_y 26.054982415679383 --center_z 4.076263764774435 --size_x 54.0 --size_y 70.0 --size_z 72.0 --out .\vina_output\vina_out.pdbqt
2025-07-05 02:05:37,226 ERROR: [Vina] Docking failed: [WinError 2] Δεν είναι δυνατή η εύρεση του καθορισμένου αρχείου από το σύστημα
Traceback (most recent call last):
  File "C:\Users\alexl\OneDrive\Desktop\docking-wrapper\scripts\run_docking_multi.py", line 271, in run_vina
    subprocess.run(cmd, check=True)
  File "C:\Users\alexl\miniconda3\envs\docking\lib\subprocess.py", line 505, in run
    with Popen(*popenargs, **kwargs) as process:
  File "C:\Users\alexl\miniconda3\envs\docking\lib\subprocess.py", line 951, in __init__
    self._execute_child(args, executable, preexec_fn, close_fds,
  File "C:\Users\alexl\miniconda3\envs\docking\lib\subprocess.py", line 1436, in _execute_child
    hp, ht, pid, tid = _winapi.CreateProcess(executable, args,
FileNotFoundError: [WinError 2] Δεν είναι δυνατή η εύρεση του καθορισμένου αρχείου από το σύστημα
2025-07-05 02:05:37,235 INFO: Found GNINA binary at: gnina
2025-07-05 02:05:37,235 INFO: Running GNINA: gnina --receptor protein_prepped.pdbqt --ligand ligand_prepped.pdbqt --out .\gnina_output\gnina_out.pdbqt --log .\gnina_output\gnina.log --autobox_ligand ligand_prepped.pdbqt --autobox_add 8 --cpu --score_only --scorefile .\gnina_output\gnina_scores.txt
2025-07-05 02:05:37,252 ERROR: [GNINA] Docking failed: [WinError 2] Δεν είναι δυνατή η εύρεση του καθορισμένου αρχείου από το σύστημα
Traceback (most recent call last):
  File "C:\Users\alexl\OneDrive\Desktop\docking-wrapper\scripts\run_docking_multi.py", line 385, in run_gnina
    result = subprocess.run(cmd, capture_output=True, text=True, check=True)
  File "C:\Users\alexl\miniconda3\envs\docking\lib\subprocess.py", line 505, in run
    with Popen(*popenargs, **kwargs) as process:
  File "C:\Users\alexl\miniconda3\envs\docking\lib\subprocess.py", line 951, in __init__
    self._execute_child(args, executable, preexec_fn, close_fds,
  File "C:\Users\alexl\miniconda3\envs\docking\lib\subprocess.py", line 1436, in _execute_child
    hp, ht, pid, tid = _winapi.CreateProcess(executable, args,
FileNotFoundError: [WinError 2] Δεν είναι δυνατή η εύρεση του καθορισμένου αρχείου από το σύστημα
2025-07-05 02:05:37,253 WARNING: DiffDock inference script not found in any standard location
2025-07-05 02:05:37,254 INFO: Failed runs logged in .\logs\failed_runs.json
2025-07-05 02:06:08,687 INFO: Starting docking wrapper
2025-07-05 02:06:08,688 INFO: Box parameters not provided. Attempting to extract from protein file...
2025-07-05 02:06:10,662 INFO: Strategy 2: Using largest detected cavity (volume: 272160.0 \u0172)
2025-07-05 02:06:10,663 INFO: Extracted box center: (15.45, 26.05, 4.08), size: (54.00, 70.00, 72.00)
2025-07-05 02:06:10,663 INFO: Running Vina: vina.bat --receptor protein_prepped.pdbqt --ligand ligand_prepped.pdbqt --center_x 15.450639953878074 --center_y 26.054982415679383 --center_z 4.076263764774435 --size_x 54.0 --size_y 70.0 --size_z 72.0 --out .\vina_output\vina_out.pdbqt
2025-07-05 02:06:10,711 ERROR: [Vina] Docking failed: Vina did not produce output file.
Traceback (most recent call last):
  File "C:\Users\alexl\OneDrive\Desktop\docking-wrapper\scripts\run_docking_multi.py", line 277, in run_vina
    raise RuntimeError('Vina did not produce output file.')
RuntimeError: Vina did not produce output file.
2025-07-05 02:06:10,712 INFO: Found GNINA binary at: gnina.bat
2025-07-05 02:06:10,712 INFO: Running GNINA: gnina.bat --receptor protein_prepped.pdbqt --ligand ligand_prepped.pdbqt --out .\gnina_output\gnina_out.pdbqt --log .\gnina_output\gnina.log --autobox_ligand ligand_prepped.pdbqt --autobox_add 8 --cpu --score_only --scorefile .\gnina_output\gnina_scores.txt
2025-07-05 02:06:10,760 ERROR: [GNINA] Docking failed: GNINA did not produce output file.
Traceback (most recent call last):
  File "C:\Users\alexl\OneDrive\Desktop\docking-wrapper\scripts\run_docking_multi.py", line 401, in run_gnina
    raise RuntimeError('GNINA did not produce output file.')
RuntimeError: GNINA did not produce output file.
2025-07-05 02:06:10,760 INFO: Found DiffDock script at: DiffDock/inference.py
2025-07-05 02:06:10,761 INFO: Running DiffDock: python3 DiffDock/inference.py --protein_ligand_csv C:\Users\alexl\AppData\Local\Temp\tmpm1s8mgse.csv --out_dir .\diffdock_output --inference_steps 20 --samples_per_complex 10 --batch_size 10
2025-07-05 02:06:10,994 INFO: DiffDock completed successfully. Generated 1 poses.
2025-07-05 02:06:10,994 INFO: Failed runs logged in .\logs\failed_runs.json
2025-07-05 02:06:34,394 INFO: Starting docking wrapper
2025-07-05 02:06:34,394 INFO: Box parameters not provided. Attempting to extract from protein file...
2025-07-05 02:06:36,431 INFO: Strategy 2: Using largest detected cavity (volume: 272160.0 \u0172)
2025-07-05 02:06:36,431 INFO: Extracted box center: (15.45, 26.05, 4.08), size: (54.00, 70.00, 72.00)
2025-07-05 02:06:36,431 INFO: Running Vina: vina.bat --receptor protein_prepped.pdbqt --ligand ligand_prepped.pdbqt --center_x 15.450639953878074 --center_y 26.054982415679383 --center_z 4.076263764774435 --size_x 54.0 --size_y 70.0 --size_z 72.0 --out .\vina_output\vina_out.pdbqt
2025-07-05 02:06:36,501 INFO: Vina docking completed successfully.
2025-07-05 02:06:36,502 INFO: Found GNINA binary at: gnina.bat
2025-07-05 02:06:36,502 INFO: Running GNINA: gnina.bat --receptor protein_prepped.pdbqt --ligand ligand_prepped.pdbqt --out .\gnina_output\gnina_out.pdbqt --log .\gnina_output\gnina.log --autobox_ligand ligand_prepped.pdbqt --autobox_add 8 --cpu --score_only --scorefile .\gnina_output\gnina_scores.txt
2025-07-05 02:06:36,551 INFO: GNINA docking completed successfully.
2025-07-05 02:06:36,552 INFO: Found DiffDock script at: DiffDock/inference.py
2025-07-05 02:06:36,553 INFO: Running DiffDock: python3 DiffDock/inference.py --protein_ligand_csv C:\Users\alexl\AppData\Local\Temp\tmpr5yqrf26.csv --out_dir .\diffdock_output --inference_steps 20 --samples_per_complex 10 --batch_size 10
2025-07-05 02:06:36,694 INFO: DiffDock completed successfully. Generated 1 poses.
2025-07-05 02:06:36,695 INFO: All selected backends completed successfully.
2025-07-05 02:07:17,102 INFO: Starting docking wrapper
2025-07-05 02:07:17,102 INFO: Box parameters not provided. Attempting to extract from protein file...
2025-07-05 02:07:19,030 INFO: Strategy 2: Using largest detected cavity (volume: 272160.0 A^3)
2025-07-05 02:07:19,030 INFO: Extracted box center: (15.45, 26.05, 4.08), size: (54.00, 70.00, 72.00)
2025-07-05 02:07:19,030 INFO: Running Vina: vina.bat --receptor protein_prepped.pdbqt --ligand ligand_prepped.pdbqt --center_x 15.450639953878074 --center_y 26.054982415679383 --center_z 4.076263764774435 --size_x 54.0 --size_y 70.0 --size_z 72.0 --out .\vina_output\vina_out.pdbqt
2025-07-05 02:07:19,081 INFO: Vina docking completed successfully.
2025-07-05 02:07:19,081 INFO: All selected backends completed successfully.
2025-07-05 02:07:19,646 INFO: Starting docking wrapper
2025-07-05 02:07:19,646 INFO: Box parameters not provided. Attempting to extract from protein file...
2025-07-05 02:07:21,628 INFO: Strategy 2: Using largest detected cavity (volume: 272160.0 A^3)
2025-07-05 02:07:21,628 INFO: Extracted box center: (15.45, 26.05, 4.08), size: (54.00, 70.00, 72.00)
2025-07-05 02:07:21,628 INFO: Running Vina: vina.bat --receptor protein_prepped.pdbqt --ligand ligand_prepped.pdbqt --center_x 15.450639953878074 --center_y 26.054982415679383 --center_z 4.076263764774435 --size_x 54.0 --size_y 70.0 --size_z 72.0 --out .\vina_output\vina_out.pdbqt
2025-07-05 02:07:21,678 INFO: Vina docking completed successfully.
2025-07-05 02:07:21,679 INFO: Found GNINA binary at: gnina.bat
2025-07-05 02:07:21,679 INFO: Running GNINA: gnina.bat --receptor protein_prepped.pdbqt --ligand ligand_prepped.pdbqt --out .\gnina_output\gnina_out.pdbqt --log .\gnina_output\gnina.log --autobox_ligand ligand_prepped.pdbqt --autobox_add 8 --cpu --score_only --scorefile .\gnina_output\gnina_scores.txt
2025-07-05 02:07:21,736 INFO: GNINA docking completed successfully.
2025-07-05 02:07:21,736 INFO: Found DiffDock script at: DiffDock/inference.py
2025-07-05 02:07:21,737 INFO: Running DiffDock: python3 DiffDock/inference.py --protein_ligand_csv C:\Users\alexl\AppData\Local\Temp\tmpxtdoinbj.csv --out_dir .\diffdock_output --inference_steps 20 --samples_per_complex 10 --batch_size 10
2025-07-05 02:07:21,878 INFO: DiffDock completed successfully. Generated 1 poses.
2025-07-05 02:07:21,878 INFO: All selected backends completed successfully.
2025-07-05 02:08:08,195 INFO: Starting docking wrapper
2025-07-05 02:08:08,195 INFO: Box parameters not provided. Attempting to extract from protein file...
2025-07-05 02:08:10,201 INFO: Strategy 2: Using largest detected cavity (volume: 272160.0 A^3)
2025-07-05 02:08:10,202 INFO: Extracted box center: (15.45, 26.05, 4.08), size: (54.00, 70.00, 72.00)
2025-07-05 02:08:10,202 INFO: Running Vina: vina.bat --receptor protein_prepped.pdbqt --ligand ligand_prepped.pdbqt --center_x 15.450639953878074 --center_y 26.054982415679383 --center_z 4.076263764774435 --size_x 54.0 --size_y 70.0 --size_z 72.0 --out .\vina_output\vina_out.pdbqt
2025-07-05 02:08:10,255 INFO: Vina docking completed successfully.
2025-07-05 02:08:10,255 INFO: All selected backends completed successfully.
2025-07-05 02:08:10,859 INFO: Starting docking wrapper
2025-07-05 02:08:10,859 INFO: Box parameters not provided. Attempting to extract from protein file...
2025-07-05 02:08:12,815 INFO: Strategy 2: Using largest detected cavity (volume: 272160.0 A^3)
2025-07-05 02:08:12,815 INFO: Extracted box center: (15.45, 26.05, 4.08), size: (54.00, 70.00, 72.00)
2025-07-05 02:08:12,815 INFO: Running Vina: vina.bat --receptor protein_prepped.pdbqt --ligand ligand_prepped.pdbqt --center_x 15.450639953878074 --center_y 26.054982415679383 --center_z 4.076263764774435 --size_x 54.0 --size_y 70.0 --size_z 72.0 --out .\vina_output\vina_out.pdbqt
2025-07-05 02:08:12,867 INFO: Vina docking completed successfully.
2025-07-05 02:08:12,867 INFO: Found GNINA binary at: gnina.bat
2025-07-05 02:08:12,868 INFO: Running GNINA: gnina.bat --receptor protein_prepped.pdbqt --ligand ligand_prepped.pdbqt --out .\gnina_output\gnina_out.pdbqt --log .\gnina_output\gnina.log --autobox_ligand ligand_prepped.pdbqt --autobox_add 8 --cpu --score_only --scorefile .\gnina_output\gnina_scores.txt
2025-07-05 02:08:12,916 INFO: GNINA docking completed successfully.
2025-07-05 02:08:12,916 INFO: Found DiffDock script at: DiffDock/inference.py
2025-07-05 02:08:12,917 INFO: Running DiffDock: python3 DiffDock/inference.py --protein_ligand_csv C:\Users\alexl\AppData\Local\Temp\tmpmaxcwlpo.csv --out_dir .\diffdock_output --inference_steps 20 --samples_per_complex 10 --batch_size 10
2025-07-05 02:08:13,060 INFO: DiffDock completed successfully. Generated 1 poses.
2025-07-05 02:08:13,060 INFO: All selected backends completed successfully.
2025-07-05 02:08:39,312 INFO: Starting docking wrapper
2025-07-05 02:08:39,313 INFO: Box parameters not provided. Attempting to extract from protein file...
2025-07-05 02:08:41,293 INFO: Strategy 2: Using largest detected cavity (volume: 272160.0 A^3)
2025-07-05 02:08:41,294 INFO: Extracted box center: (15.45, 26.05, 4.08), size: (54.00, 70.00, 72.00)
2025-07-05 02:08:41,294 INFO: Running Vina: vina.bat --receptor protein_prepped.pdbqt --ligand ligand_prepped.pdbqt --center_x 15.450639953878074 --center_y 26.054982415679383 --center_z 4.076263764774435 --size_x 54.0 --size_y 70.0 --size_z 72.0 --out .\vina_output\vina_out.pdbqt
2025-07-05 02:08:41,346 INFO: Vina docking completed successfully.
2025-07-05 02:08:41,347 INFO: All selected backends completed successfully.
2025-07-05 02:08:41,936 INFO: Starting docking wrapper
2025-07-05 02:08:41,936 INFO: Box parameters not provided. Attempting to extract from protein file...
2025-07-05 02:08:44,097 INFO: Strategy 2: Using largest detected cavity (volume: 272160.0 A^3)
2025-07-05 02:08:44,098 INFO: Extracted box center: (15.45, 26.05, 4.08), size: (54.00, 70.00, 72.00)
2025-07-05 02:08:44,098 INFO: Running Vina: vina.bat --receptor protein_prepped.pdbqt --ligand ligand_prepped.pdbqt --center_x 15.450639953878074 --center_y 26.054982415679383 --center_z 4.076263764774435 --size_x 54.0 --size_y 70.0 --size_z 72.0 --out .\vina_output\vina_out.pdbqt
2025-07-05 02:08:44,150 INFO: Vina docking completed successfully.
2025-07-05 02:08:44,151 INFO: Found GNINA binary at: gnina.bat
2025-07-05 02:08:44,151 INFO: Running GNINA: gnina.bat --receptor protein_prepped.pdbqt --ligand ligand_prepped.pdbqt --out .\gnina_output\gnina_out.pdbqt --log .\gnina_output\gnina.log --autobox_ligand ligand_prepped.pdbqt --autobox_add 8 --cpu --score_only --scorefile .\gnina_output\gnina_scores.txt
2025-07-05 02:08:44,201 INFO: GNINA docking completed successfully.
2025-07-05 02:08:44,201 INFO: Found DiffDock script at: DiffDock/inference.py
2025-07-05 02:08:44,202 INFO: Running DiffDock: python3 DiffDock/inference.py --protein_ligand_csv C:\Users\alexl\AppData\Local\Temp\tmpsl36m4q2.csv --out_dir .\diffdock_output --inference_steps 20 --samples_per_complex 10 --batch_size 10
2025-07-05 02:08:44,381 INFO: DiffDock completed successfully. Generated 1 poses.
2025-07-05 02:08:44,381 INFO: All selected backends completed successfully.
2025-07-05 02:09:14,263 INFO: Starting docking wrapper
2025-07-05 02:09:14,263 INFO: Box parameters not provided. Attempting to extract from protein file...
2025-07-05 02:09:16,278 INFO: Strategy 2: Using largest detected cavity (volume: 272160.0 A^3)
2025-07-05 02:09:16,278 INFO: Extracted box center: (15.45, 26.05, 4.08), size: (54.00, 70.00, 72.00)
2025-07-05 02:09:16,279 INFO: Running Vina: vina.bat --receptor protein_prepped.pdbqt --ligand ligand_prepped.pdbqt --center_x 15.450639953878074 --center_y 26.054982415679383 --center_z 4.076263764774435 --size_x 54.0 --size_y 70.0 --size_z 72.0 --out .\vina_output\vina_out.pdbqt
2025-07-05 02:09:16,334 INFO: Vina docking completed successfully.
2025-07-05 02:09:16,334 INFO: All selected backends completed successfully.
2025-07-05 02:09:17,024 INFO: Starting docking wrapper
2025-07-05 02:09:17,024 INFO: Box parameters not provided. Attempting to extract from protein file...
2025-07-05 02:09:19,169 INFO: Strategy 2: Using largest detected cavity (volume: 272160.0 A^3)
2025-07-05 02:09:19,170 INFO: Extracted box center: (15.45, 26.05, 4.08), size: (54.00, 70.00, 72.00)
2025-07-05 02:09:19,170 INFO: Running Vina: vina.bat --receptor protein_prepped.pdbqt --ligand ligand_prepped.pdbqt --center_x 15.450639953878074 --center_y 26.054982415679383 --center_z 4.076263764774435 --size_x 54.0 --size_y 70.0 --size_z 72.0 --out .\vina_output\vina_out.pdbqt
2025-07-05 02:09:19,225 INFO: Vina docking completed successfully.
2025-07-05 02:09:19,225 INFO: Found GNINA binary at: gnina.bat
2025-07-05 02:09:19,225 INFO: Running GNINA: gnina.bat --receptor protein_prepped.pdbqt --ligand ligand_prepped.pdbqt --out .\gnina_output\gnina_out.pdbqt --log .\gnina_output\gnina.log --autobox_ligand ligand_prepped.pdbqt --autobox_add 8 --cpu --score_only --scorefile .\gnina_output\gnina_scores.txt
2025-07-05 02:09:19,274 INFO: GNINA docking completed successfully.
2025-07-05 02:09:19,274 INFO: Found DiffDock script at: DiffDock/inference.py
2025-07-05 02:09:19,275 INFO: Running DiffDock: python3 DiffDock/inference.py --protein_ligand_csv C:\Users\alexl\AppData\Local\Temp\tmpsvxhrpja.csv --out_dir .\diffdock_output --inference_steps 20 --samples_per_complex 10 --batch_size 10
2025-07-05 02:09:19,422 INFO: DiffDock completed successfully. Generated 1 poses.
2025-07-05 02:09:19,422 INFO: All selected backends completed successfully.
2025-07-05 02:11:16,694 INFO: Starting docking wrapper
2025-07-05 02:11:16,694 INFO: Box parameters not provided. Attempting to extract from protein file...
2025-07-05 02:11:18,795 INFO: Strategy 2: Using largest detected cavity (volume: 272160.0 A^3)
2025-07-05 02:11:18,795 INFO: Extracted box center: (15.45, 26.05, 4.08), size: (54.00, 70.00, 72.00)
2025-07-05 02:11:18,795 INFO: Running Vina: vina.bat --receptor protein_prepped.pdbqt --ligand ligand_prepped.pdbqt --center_x 15.450639953878074 --center_y 26.054982415679383 --center_z 4.076263764774435 --size_x 54.0 --size_y 70.0 --size_z 72.0 --out .\vina_output\vina_out.pdbqt
2025-07-05 02:11:18,851 INFO: Vina docking completed successfully.
2025-07-05 02:11:18,851 INFO: Found GNINA binary at: gnina.bat
2025-07-05 02:11:18,852 INFO: Running GNINA: gnina.bat --receptor protein_prepped.pdbqt --ligand ligand_prepped.pdbqt --out .\gnina_output\gnina_out.pdbqt --log .\gnina_output\gnina.log --autobox_ligand ligand_prepped.pdbqt --autobox_add 8 --cpu --score_only --scorefile .\gnina_output\gnina_scores.txt
2025-07-05 02:11:18,902 INFO: GNINA docking completed successfully.
2025-07-05 02:11:18,902 INFO: Found DiffDock script at: DiffDock/inference.py
2025-07-05 02:11:18,903 INFO: Running DiffDock: python3 DiffDock/inference.py --protein_ligand_csv C:\Users\alexl\AppData\Local\Temp\tmp_r0kvq46.csv --out_dir .\diffdock_output --inference_steps 20 --samples_per_complex 10 --batch_size 10
2025-07-05 02:11:19,055 INFO: DiffDock completed successfully. Generated 1 poses.
2025-07-05 02:11:19,055 INFO: All selected backends completed successfully.
